###########################################################
#                        EVENT LOG                        #
###########################################################
| EVENT | GET 200 /api/v1/blockchain32 5/15/2024 9:29:55 PM
| EVENT | GET 200 /api/v1/blockchain32 5/15/2024 9:29:56 PM
| EVENT | GET 200 /api/v1/blockchain 2024-05-15 23:10:42
| EVENT | GET 200 /api/v1/blockchain 2024-05-15 23:11:37
| EVENT | GET 200 /api/v1/blockchain 2024-05-15 23:14:05
| EVENT | GET 200 /api/v1/blockchain 2024-05-15 23:15:54
| EVENT | GET 200 /api/v1/blockchain 2024-05-15 23:17:56
| EVENT | GET 200 /api/v1/blockchain 2024-05-15 23:20:17
| EVENT | GET 200 /api/v1/blockchain 2024-05-15 23:21:14
| EVENT | GET 200 /api/v1/blockchain 2024-05-15 23:21:17
| EVENT | GET 200 /api/v1/blockchain 2024-05-15 23:21:18
| EVENT | GET 200 /api/v1/blockchain 2024-05-15 23:21:19
| EVENT | GET 200 /api/v1/blockchain 2024-05-15 23:21:20
| EVENT | GET 200 /api/v1/blockchain 2024-05-15 23:21:20
| EVENT | GET 200 /api/v1/blockchain 2024-05-15 23:21:22
| EVENT | GET 200 /api/v1/blockchain 2024-05-15 23:21:23
| EVENT | GET 200 /api/v1/blockchain 2024-05-15 23:21:23
| EVENT | GET 200 /api/v1/blockchain 2024-05-15 23:23:58
| EVENT | GET 200 /api/v1/blockchain 2024-05-15 23:26:17
| EVENT | GET 200 /api/v1/blockchain 2024-05-15 23:26:33
| EVENT | GET 200 /api/v1/blockchain 2024-05-15 23:26:35
| EVENT | GET 200 /api/v1/blockchain 2024-05-15 23:26:52
| EVENT | GET 200 /api/v1/blockchain 2024-05-15 23:27:16
| EVENT | GET 200 /api/v1/blockchain 2024-05-15 23:28:20
| EVENT | GET 200 /api/v1/blockchain 2024-05-15 23:30:52
| EVENT | GET 200 /api/v1/blockchain 2024-05-15 23:31:48
| EVENT | GET 200 /api/v1/blockchain 2024-05-15 23:36:26
| EVENT | GET 200 /api/v1/blockchain 2024-05-15 23:37:05
| EVENT | GET 200 /api/v1/blockchain 2024-05-15 23:38:47
| EVENT | GET 200 /api/v1/blockchain 2024-05-15 23:39:20
| EVENT | GET 200 /api/v1/blockchain 2024-05-15 23:41:07
| EVENT | GET 200 /api/v1/blockchain 2024-05-15 23:41:57
| EVENT | GET 200 /api/v1/blockchain 2024-05-15 23:43:08
| EVENT | GET 200 /api/v1/blockchain 2024-05-15 23:45:31
| EVENT | GET 200 /api/v1/blockchain 2024-05-16 00:40:54
| EVENT | GET 200 /api/v1/blockchain11 2024-05-16 00:41:07
| EVENT | GET 200 /api/v1/blockchain 2024-05-16 00:41:33
| EVENT | GET 200 /api/v1/blockchain 2024-05-16 00:45:27
| EVENT | POST 200 /api/v1/block/mine 2024-05-16 01:07:59
| EVENT | GET 200 /api/v1/blockchain 2024-05-16 01:09:17
| EVENT | POST 200 /api/v1/blockchain/block/mine 2024-05-16 01:12:57
| EVENT | POST 200 /api/v1/blockchain/block/mine 2024-05-16 01:13:45
| EVENT | POST 200 /api/v1/blockchain/block/mine 2024-05-16 05:25:53
| EVENT | POST 200 /api/v1/blockchain/block/mine 2024-05-16 05:29:30
| EVENT | POST 200 /api/v1/blockchain/block/mine 2024-05-16 05:49:09
| EVENT | POST 200 /api/v1/blockchain/block/mine 2024-05-16 05:49:29
| EVENT | GET 200 /api/v1/blockchain 2024-05-16 05:50:04
| EVENT | POST 200 /api/v1/blockchain/block/mine 2024-05-16 05:52:20
| EVENT | GET 200 /api/v1/blockchain 2024-05-16 05:53:45
| EVENT | POST 200 /api/v1/blockchain/block/mine 2024-05-16 05:54:39
| EVENT | POST 200 /api/v1/blockchain/block/mine 2024-05-16 05:55:39
| EVENT | POST 200 /api/v1/blockchain/block/mine 2024-05-16 05:56:26
| EVENT | GET 200 /api/v1/blockchain 2024-05-16 05:56:56
| EVENT | POST 200 /api/v1/blockchain/block/mine 2024-05-16 05:57:14
| EVENT | POST 200 /api/v1/blockchain/block/mine 2024-05-16 05:57:23
| EVENT | GET 200 /api/v1/blockchain 2024-05-16 05:59:07
| EVENT | GET 200 /api/v1/blockchaind 2024-05-16 05:59:59
| EVENT | GET 200 /api/v1/blockchain 2024-05-16 06:00:22
| EVENT | GET 200 /api/v1/blockchain 2024-05-16 06:02:46
| EVENT | GET 200 /api/v1/node 2024-05-16 08:18:49
| EVENT | GET 200 /api/v1/node 2024-05-16 08:22:37
| EVENT | GET 200 /api/v1/node7 2024-05-16 08:23:43
| EVENT | GET 200 /api/v1/node 2024-05-16 08:25:38
| EVENT | GET 200 /api/v1/node 2024-05-16 08:25:47
| EVENT | GET 200 /api/v1/node 2024-05-16 08:26:27
| EVENT | GET 200 /api/v1/node 2024-05-16 08:33:00
| EVENT | GET 200 /api/v1/node 2024-05-16 08:33:22
| EVENT | GET 200 /api/v1/node/register 2024-05-16 08:35:35
| EVENT | GET 200 /api/v1/node/register 2024-05-16 08:36:24
| EVENT | POST 200 /api/v1/node/register 2024-05-16 08:36:52
| EVENT | POST 200 /api/v1/node/register 2024-05-16 08:37:33
| EVENT | POST 200 /api/v1/node/register 2024-05-16 08:37:36
| EVENT | POST 200 /api/v1/node/register 2024-05-16 08:37:37
| EVENT | POST 200 /api/v1/node/register 2024-05-16 08:37:39
| EVENT | POST 200 /api/v1/node/register 2024-05-16 08:37:51
| EVENT | POST 200 /api/v1/node/register 2024-05-16 08:37:52
| EVENT | POST 200 /api/v1/node/register 2024-05-16 08:38:51
| EVENT | POST 200 /api/v1/node/register 2024-05-16 08:39:13
| EVENT | POST 200 /api/v1/node/register 2024-05-16 08:39:15
| EVENT | POST 200 /api/v1/node/register 2024-05-16 08:39:48
| EVENT | POST 200 /api/v1/node/register 2024-05-16 08:40:06
