
GET /api/v1/blockchain - 2024-05-10 - 20:58:26
POST /api/v1/blockchain/mine - 2024-05-10 - 20:58:41
POST /api/v1/blockchain/mine2 - 2024-05-10 - 20:58:56
GET /api/v1/nodes - 2024-05-12 - 11:25:19
GET /api/v1/blockchain - 2024-05-12 - 11:25:26
POST /api/v1/blockchain/mine - 2024-05-12 - 11:26:01
GET /api/v1/blockchain - 2024-05-12 - 11:26:31
POST /api/v1/blockchain/mine - 2024-05-12 - 11:29:00
POST /api/v1/blockchain/mine - 2024-05-12 - 11:29:11
GET /api/v1/blockchain - 2024-05-12 - 11:29:20
GET /api/v1/blockchain2313 - 2024-05-12 - 11:29:50
GET /api/v1/nodes - 2024-05-12 - 11:37:07
POST /api/v1/nodes/register - 2024-05-12 - 11:37:45
POST /api/v1/nodes/register - 2024-05-12 - 11:37:45
POST /api/v1/nodes/register - 2024-05-12 - 11:37:45
POST /api/v1/nodes/register - 2024-05-12 - 11:37:50
POST /api/v1/nodes/register - 2024-05-12 - 11:37:50
POST /api/v1/nodes/register - 2024-05-12 - 11:37:50
POST /api/v1/nodes/register - 2024-05-12 - 11:37:50
POST /api/v1/nodes/register - 2024-05-12 - 11:37:50
POST /api/v1/nodes/register - 2024-05-12 - 11:37:50
POST /api/v1/nodes/register - 2024-05-12 - 11:37:50
POST /api/v1/nodes/register - 2024-05-12 - 11:37:50
GET /api/v1/nodes - 2024-05-12 - 11:37:58
GET /api/v1/nodes - 2024-05-12 - 11:38:04
GET /api/v1/nodes - 2024-05-12 - 11:38:10
GET /api/v1/nodes - 2024-05-12 - 11:38:14
GET /api/v1/blockchain - 2024-05-12 - 11:38:22
POST /api/v1/blockchain/mine - 2024-05-12 - 11:38:44
GET /api/v1/blockchain/consensus - 2024-05-12 - 11:39:05
GET /api/v1/blockchain - 2024-05-12 - 11:39:05
GET /api/v1/blockchain - 2024-05-12 - 11:39:05
GET /api/v1/blockchain/consensus - 2024-05-12 - 11:39:24
GET /api/v1/blockchain - 2024-05-12 - 11:39:24
GET /api/v1/blockchain - 2024-05-12 - 11:39:24
GET /api/v1/blockchain/consensus - 2024-05-12 - 11:40:11
GET /api/v1/blockchain/consensus - 2024-05-12 - 11:40:22
GET /api/v1/blockchain/consensus - 2024-05-12 - 11:40:23
GET /api/v1/blockchain/consensus - 2024-05-12 - 11:40:25
GET /api/v1/blockchain/consensus - 2024-05-12 - 11:40:26
GET /api/v1/blockchain/consensus - 2024-05-12 - 11:40:27
GET /api/v1/blockchain/consensus - 2024-05-12 - 11:40:27
GET /api/v1/blockchain/consensus - 2024-05-12 - 11:40:49
GET /api/v1/nodes - 2024-05-12 - 12:47:17
GET /api/v1/nodes/register - 2024-05-12 - 12:47:24
POST /api/v1/nodes/register - 2024-05-12 - 12:47:28
POST /api/v1/nodes/register - 2024-05-12 - 12:47:28
POST /api/v1/nodes/register - 2024-05-12 - 12:47:28
POST /api/v1/nodes/register - 2024-05-12 - 12:47:36
POST /api/v1/nodes/register - 2024-05-12 - 12:47:36
POST /api/v1/nodes/register - 2024-05-12 - 12:47:36
POST /api/v1/nodes/register - 2024-05-12 - 12:47:36
POST /api/v1/nodes/register - 2024-05-12 - 12:47:36
POST /api/v1/nodes/register - 2024-05-12 - 12:47:36
POST /api/v1/nodes/register - 2024-05-12 - 12:47:36
POST /api/v1/nodes/register - 2024-05-12 - 12:47:36
GET /api/v1/nodes - 2024-05-12 - 12:47:43
GET /api/v1/nodes - 2024-05-12 - 12:54:11
GET /api/v1/blockchain - 2024-05-12 - 12:54:20
GET /api/v1/blockchain/consensus - 2024-05-12 - 12:54:30
GET /api/v1/blockchain - 2024-05-12 - 12:54:30
GET /api/v1/blockchain - 2024-05-12 - 12:54:30
GET /api/v1/nodes/register - 2024-05-12 - 12:55:25
POST /api/v1/nodes/register - 2024-05-12 - 12:55:28
POST /api/v1/nodes/register - 2024-05-12 - 12:55:28
POST /api/v1/nodes/register - 2024-05-12 - 12:55:28
POST /api/v1/nodes/register - 2024-05-12 - 12:55:33
POST /api/v1/nodes/register - 2024-05-12 - 12:55:33
POST /api/v1/nodes/register - 2024-05-12 - 12:55:33
POST /api/v1/nodes/register - 2024-05-12 - 12:55:33
POST /api/v1/nodes/register - 2024-05-12 - 12:55:33
POST /api/v1/nodes/register - 2024-05-12 - 12:55:33
POST /api/v1/nodes/register - 2024-05-12 - 12:55:33
POST /api/v1/nodes/register - 2024-05-12 - 12:55:33
GET /api/v1/nodes - 2024-05-12 - 12:55:56
GET /api/v1/blockchain/mine - 2024-05-12 - 12:56:04
POST /api/v1/blockchain/mine - 2024-05-12 - 12:56:09
GET /api/v1/blockchain/consensus - 2024-05-12 - 12:56:21
GET /api/v1/blockchain - 2024-05-12 - 12:56:21
GET /api/v1/blockchain - 2024-05-12 - 12:56:21
GET /api/v1/blockchain - 2024-05-12 - 12:56:33
POST /api/v1/nodes/register - 2024-05-12 - 13:00:24
POST /api/v1/nodes/register - 2024-05-12 - 13:00:24
POST /api/v1/nodes/register - 2024-05-12 - 13:00:24
POST /api/v1/nodes/register - 2024-05-12 - 13:00:28
POST /api/v1/nodes/register - 2024-05-12 - 13:00:28
POST /api/v1/nodes/register - 2024-05-12 - 13:00:28
POST /api/v1/nodes/register - 2024-05-12 - 13:00:28
POST /api/v1/nodes/register - 2024-05-12 - 13:00:28
POST /api/v1/nodes/register - 2024-05-12 - 13:00:28
POST /api/v1/nodes/register - 2024-05-12 - 13:00:28
POST /api/v1/nodes/register - 2024-05-12 - 13:00:28
POST /api/v1/nodes/register - 2024-05-12 - 13:00:29
GET /api/v1/blockchain - 2024-05-12 - 13:00:36
POST /api/v1/blockchain/mine - 2024-05-12 - 13:00:44
POST /api/v1/blockchain/consensus - 2024-05-12 - 13:00:52
GET /api/v1/blockchain/consensus - 2024-05-12 - 13:00:58
GET /api/v1/blockchain - 2024-05-12 - 13:00:58
GET /api/v1/blockchain - 2024-05-12 - 13:00:58
POST /api/v1/nodes/register - 2024-05-12 - 13:04:19
POST /api/v1/nodes/register - 2024-05-12 - 13:04:19
POST /api/v1/nodes/register - 2024-05-12 - 13:04:19
POST /api/v1/nodes/register - 2024-05-12 - 13:04:24
POST /api/v1/nodes/register - 2024-05-12 - 13:04:24
POST /api/v1/nodes/register - 2024-05-12 - 13:04:24
POST /api/v1/nodes/register - 2024-05-12 - 13:04:24
POST /api/v1/nodes/register - 2024-05-12 - 13:04:24
POST /api/v1/nodes/register - 2024-05-12 - 13:04:24
POST /api/v1/nodes/register - 2024-05-12 - 13:04:24
POST /api/v1/nodes/register - 2024-05-12 - 13:04:24
POST /api/v1/blockchain/mine - 2024-05-12 - 13:04:34
GET /api/v1/blockchain/consensus - 2024-05-12 - 13:04:45
GET /api/v1/blockchain - 2024-05-12 - 13:04:45
GET /api/v1/blockchain - 2024-05-12 - 13:04:45
GET /api/v1/blockchain - 2024-05-12 - 13:04:57
GET /api/v1/blockchain - 2024-05-12 - 13:05:04
POST /api/v1/nodes/register - 2024-05-12 - 13:08:39
POST /api/v1/nodes/register - 2024-05-12 - 13:08:39
POST /api/v1/nodes/register - 2024-05-12 - 13:08:39
POST /api/v1/nodes/register - 2024-05-12 - 13:08:43
POST /api/v1/nodes/register - 2024-05-12 - 13:08:43
POST /api/v1/nodes/register - 2024-05-12 - 13:08:43
POST /api/v1/nodes/register - 2024-05-12 - 13:08:43
POST /api/v1/nodes/register - 2024-05-12 - 13:08:43
POST /api/v1/nodes/register - 2024-05-12 - 13:08:43
POST /api/v1/nodes/register - 2024-05-12 - 13:08:43
POST /api/v1/nodes/register - 2024-05-12 - 13:08:43
GET /api/v1/blockchain - 2024-05-12 - 13:08:48
POST /api/v1/blockchain/mine - 2024-05-12 - 13:08:59
GET /api/v1/blockchain - 2024-05-12 - 13:09:09
GET /api/v1/blockchain - 2024-05-12 - 13:09:40
GET /api/v1/blockchain - 2024-05-12 - 13:09:54
GET /api/v1/blockchain/consensus - 2024-05-12 - 13:10:07
GET /api/v1/blockchain - 2024-05-12 - 13:10:07
GET /api/v1/blockchain - 2024-05-12 - 13:10:07
GET /api/v1/blockchain - 2024-05-12 - 13:10:34
POST /api/v1/nodes/register - 2024-05-12 - 13:12:09
POST /api/v1/nodes/register - 2024-05-12 - 13:12:09
POST /api/v1/nodes/register - 2024-05-12 - 13:12:09
POST /api/v1/nodes/register - 2024-05-12 - 13:12:13
POST /api/v1/nodes/register - 2024-05-12 - 13:12:13
POST /api/v1/nodes/register - 2024-05-12 - 13:12:13
POST /api/v1/nodes/register - 2024-05-12 - 13:12:13
POST /api/v1/nodes/register - 2024-05-12 - 13:12:13
POST /api/v1/nodes/register - 2024-05-12 - 13:12:13
POST /api/v1/nodes/register - 2024-05-12 - 13:12:13
POST /api/v1/nodes/register - 2024-05-12 - 13:12:13
POST /api/v1/blockchain/mine - 2024-05-12 - 13:12:23
GET /api/v1/blockchain - 2024-05-12 - 13:12:31
GET /api/v1/blockchain/consensus - 2024-05-12 - 13:12:39
GET /api/v1/blockchain - 2024-05-12 - 13:12:39
GET /api/v1/blockchain - 2024-05-12 - 13:12:39
GET /api/v1/blockchain/consensus - 2024-05-12 - 13:12:53
GET /api/v1/blockchain - 2024-05-12 - 13:12:53
GET /api/v1/blockchain - 2024-05-12 - 13:12:53
POST /api/v1/nodes/register - 2024-05-12 - 13:13:23
POST /api/v1/nodes/register - 2024-05-12 - 13:13:23
POST /api/v1/nodes/register - 2024-05-12 - 13:13:23
POST /api/v1/nodes/register - 2024-05-12 - 13:13:29
POST /api/v1/nodes/register - 2024-05-12 - 13:13:29
POST /api/v1/nodes/register - 2024-05-12 - 13:13:29
POST /api/v1/nodes/register - 2024-05-12 - 13:13:29
POST /api/v1/nodes/register - 2024-05-12 - 13:13:29
POST /api/v1/nodes/register - 2024-05-12 - 13:13:29
POST /api/v1/nodes/register - 2024-05-12 - 13:13:29
POST /api/v1/nodes/register - 2024-05-12 - 13:13:29
POST /api/v1/blockchain/mine - 2024-05-12 - 13:13:45
GET /api/v1/blockchain - 2024-05-12 - 13:13:54
GET /api/v1/blockchain/consensus - 2024-05-12 - 13:14:02
GET /api/v1/blockchain - 2024-05-12 - 13:14:02
GET /api/v1/blockchain - 2024-05-12 - 13:14:02
GET /api/v1/blockchain/consensus - 2024-05-12 - 13:14:45
GET /api/v1/blockchain - 2024-05-12 - 13:14:45
GET /api/v1/blockchain - 2024-05-12 - 13:14:45
POST /api/v1/nodes/register - 2024-05-12 - 13:15:31
POST /api/v1/nodes/register - 2024-05-12 - 13:15:31
POST /api/v1/nodes/register - 2024-05-12 - 13:15:31
POST /api/v1/nodes/register - 2024-05-12 - 13:15:34
POST /api/v1/nodes/register - 2024-05-12 - 13:15:34
POST /api/v1/nodes/register - 2024-05-12 - 13:15:34
POST /api/v1/nodes/register - 2024-05-12 - 13:15:34
POST /api/v1/nodes/register - 2024-05-12 - 13:15:34
POST /api/v1/nodes/register - 2024-05-12 - 13:15:34
POST /api/v1/nodes/register - 2024-05-12 - 13:15:35
POST /api/v1/nodes/register - 2024-05-12 - 13:15:35
POST /api/v1/blockchain/mine - 2024-05-12 - 13:15:48
GET /api/v1/blockchain - 2024-05-12 - 13:15:55
GET /api/v1/blockchain/consensus - 2024-05-12 - 13:16:03
GET /api/v1/blockchain - 2024-05-12 - 13:16:03
GET /api/v1/blockchain - 2024-05-12 - 13:16:03
GET /api/v1/blockchain/consensus - 2024-05-12 - 13:16:20
GET /api/v1/blockchain - 2024-05-12 - 13:16:20
GET /api/v1/blockchain - 2024-05-12 - 13:16:20
POST /api/v1/nodes/register - 2024-05-12 - 13:18:36
POST /api/v1/nodes/register - 2024-05-12 - 13:18:36
POST /api/v1/nodes/register - 2024-05-12 - 13:18:36
POST /api/v1/nodes/register - 2024-05-12 - 13:18:41
POST /api/v1/nodes/register - 2024-05-12 - 13:18:41
POST /api/v1/nodes/register - 2024-05-12 - 13:18:41
POST /api/v1/nodes/register - 2024-05-12 - 13:18:41
POST /api/v1/nodes/register - 2024-05-12 - 13:18:41
POST /api/v1/nodes/register - 2024-05-12 - 13:18:41
POST /api/v1/nodes/register - 2024-05-12 - 13:18:41
POST /api/v1/nodes/register - 2024-05-12 - 13:18:41
POST /api/v1/blockchain/mine - 2024-05-12 - 13:18:51
GET /api/v1/blockchain/consensus - 2024-05-12 - 13:19:04
GET /api/v1/blockchain - 2024-05-12 - 13:19:04
GET /api/v1/blockchain - 2024-05-12 - 13:19:04
GET /api/v1/blockchain - 2024-05-12 - 13:20:12
GET /api/v1/blockchain - 2024-05-12 - 13:20:20
GET /api/v1/blockchain - 2024-05-12 - 13:20:29
GET /api/v1/blockchain/consensus - 2024-05-12 - 13:20:37
GET /api/v1/blockchain - 2024-05-12 - 13:20:37
GET /api/v1/blockchain - 2024-05-12 - 13:20:37
POST /api/v1/nodes/register - 2024-05-12 - 13:26:27
POST /api/v1/nodes/register - 2024-05-12 - 13:26:28
POST /api/v1/nodes/register - 2024-05-12 - 13:26:28
POST /api/v1/nodes/register - 2024-05-12 - 13:26:31
POST /api/v1/nodes/register - 2024-05-12 - 13:26:31
POST /api/v1/nodes/register - 2024-05-12 - 13:26:31
POST /api/v1/nodes/register - 2024-05-12 - 13:26:31
POST /api/v1/nodes/register - 2024-05-12 - 13:26:31
POST /api/v1/nodes/register - 2024-05-12 - 13:26:31
POST /api/v1/nodes/register - 2024-05-12 - 13:26:31
POST /api/v1/nodes/register - 2024-05-12 - 13:26:31
POST /api/v1/blockchain/mine - 2024-05-12 - 13:26:43
GET /api/v1/blockchain/consensus - 2024-05-12 - 13:26:57
GET /api/v1/blockchain - 2024-05-12 - 13:26:57
GET /api/v1/blockchain - 2024-05-12 - 13:26:57
POST /api/v1/nodes/register - 2024-05-12 - 13:27:27
POST /api/v1/nodes/register - 2024-05-12 - 13:27:27
POST /api/v1/nodes/register - 2024-05-12 - 13:27:27
POST /api/v1/nodes/register - 2024-05-12 - 13:27:30
POST /api/v1/nodes/register - 2024-05-12 - 13:27:30
POST /api/v1/nodes/register - 2024-05-12 - 13:27:30
POST /api/v1/nodes/register - 2024-05-12 - 13:27:30
POST /api/v1/nodes/register - 2024-05-12 - 13:27:30
POST /api/v1/nodes/register - 2024-05-12 - 13:27:30
POST /api/v1/nodes/register - 2024-05-12 - 13:27:30
POST /api/v1/nodes/register - 2024-05-12 - 13:27:30
POST /api/v1/blockchain/mine - 2024-05-12 - 13:27:40
GET /api/v1/blockchain - 2024-05-12 - 13:27:47
GET /api/v1/blockchain/consensus - 2024-05-12 - 13:27:56
GET /api/v1/blockchain - 2024-05-12 - 13:27:56
GET /api/v1/blockchain - 2024-05-12 - 13:27:56
GET /api/v1/blockchain/consensus - 2024-05-12 - 13:28:44
GET /api/v1/blockchain - 2024-05-12 - 13:28:44
GET /api/v1/blockchain - 2024-05-12 - 13:28:44
POST /api/v1/nodes/register - 2024-05-12 - 13:32:22
POST /api/v1/nodes/register - 2024-05-12 - 13:32:22
POST /api/v1/nodes/register - 2024-05-12 - 13:32:22
POST /api/v1/nodes/register - 2024-05-12 - 13:32:26
POST /api/v1/nodes/register - 2024-05-12 - 13:32:26
POST /api/v1/nodes/register - 2024-05-12 - 13:32:26
POST /api/v1/nodes/register - 2024-05-12 - 13:32:26
POST /api/v1/nodes/register - 2024-05-12 - 13:32:26
POST /api/v1/nodes/register - 2024-05-12 - 13:32:26
POST /api/v1/nodes/register - 2024-05-12 - 13:32:26
POST /api/v1/nodes/register - 2024-05-12 - 13:32:26
POST /api/v1/blockchain/mine - 2024-05-12 - 13:32:36
GET /api/v1/blockchain/consensus - 2024-05-12 - 13:32:49
GET /api/v1/blockchain - 2024-05-12 - 13:32:49
GET /api/v1/blockchain - 2024-05-12 - 13:32:49
POST /api/v1/nodes/register - 2024-05-12 - 13:36:23
POST /api/v1/nodes/register - 2024-05-12 - 13:36:23
POST /api/v1/nodes/register - 2024-05-12 - 13:36:23
POST /api/v1/nodes/register - 2024-05-12 - 13:36:27
POST /api/v1/nodes/register - 2024-05-12 - 13:36:27
POST /api/v1/nodes/register - 2024-05-12 - 13:36:27
POST /api/v1/nodes/register - 2024-05-12 - 13:36:27
POST /api/v1/nodes/register - 2024-05-12 - 13:36:27
POST /api/v1/nodes/register - 2024-05-12 - 13:36:27
POST /api/v1/nodes/register - 2024-05-12 - 13:36:27
POST /api/v1/nodes/register - 2024-05-12 - 13:36:27
POST /api/v1/blockchain/mine - 2024-05-12 - 13:36:40
GET /api/v1/blockchain/consensus - 2024-05-12 - 13:36:56
GET /api/v1/blockchain - 2024-05-12 - 13:36:56
GET /api/v1/blockchain - 2024-05-12 - 13:36:56
POST /api/v1/nodes/register - 2024-05-12 - 13:43:47
POST /api/v1/nodes/register - 2024-05-12 - 13:43:47
POST /api/v1/nodes/register - 2024-05-12 - 13:43:47
POST /api/v1/nodes/register - 2024-05-12 - 13:43:50
POST /api/v1/nodes/register - 2024-05-12 - 13:43:50
POST /api/v1/nodes/register - 2024-05-12 - 13:43:50
POST /api/v1/nodes/register - 2024-05-12 - 13:43:50
POST /api/v1/nodes/register - 2024-05-12 - 13:43:50
POST /api/v1/nodes/register - 2024-05-12 - 13:43:50
POST /api/v1/nodes/register - 2024-05-12 - 13:43:50
POST /api/v1/nodes/register - 2024-05-12 - 13:43:50
GET /api/v1/blockchain/mine - 2024-05-12 - 13:44:02
POST /api/v1/blockchain/mine - 2024-05-12 - 13:44:06
GET /api/v1/blockchain/consensus - 2024-05-12 - 13:44:20
GET /api/v1/blockchain - 2024-05-12 - 13:44:20
GET /api/v1/blockchain - 2024-05-12 - 13:44:20
GET /api/v1/blockchain/consensus - 2024-05-12 - 13:44:38
GET /api/v1/blockchain - 2024-05-12 - 13:44:38
GET /api/v1/blockchain - 2024-05-12 - 13:44:38
POST /api/v1/nodes/register - 2024-05-12 - 13:46:34
POST /api/v1/nodes/register - 2024-05-12 - 13:46:34
POST /api/v1/nodes/register - 2024-05-12 - 13:46:34
POST /api/v1/nodes/register - 2024-05-12 - 13:46:37
POST /api/v1/nodes/register - 2024-05-12 - 13:46:37
POST /api/v1/nodes/register - 2024-05-12 - 13:46:37
POST /api/v1/nodes/register - 2024-05-12 - 13:46:37
POST /api/v1/nodes/register - 2024-05-12 - 13:46:37
POST /api/v1/nodes/register - 2024-05-12 - 13:46:37
POST /api/v1/nodes/register - 2024-05-12 - 13:46:37
POST /api/v1/nodes/register - 2024-05-12 - 13:46:37
POST /api/v1/blockchain/mine - 2024-05-12 - 13:46:46
GET /api/v1/blockchain/consensus - 2024-05-12 - 13:46:59
GET /api/v1/blockchain - 2024-05-12 - 13:46:59
GET /api/v1/blockchain - 2024-05-12 - 13:46:59
GET /api/v1/blockchain - 2024-05-12 - 13:48:50
GET /api/v1/blockchain - 2024-05-12 - 13:49:06
GET /api/v1/blockchain - 2024-05-12 - 13:49:10
POST /api/v1/nodes/register - 2024-05-12 - 13:52:41
POST /api/v1/nodes/register - 2024-05-12 - 13:52:41
POST /api/v1/nodes/register - 2024-05-12 - 13:52:41
POST /api/v1/nodes/register - 2024-05-12 - 13:52:44
POST /api/v1/nodes/register - 2024-05-12 - 13:52:44
POST /api/v1/nodes/register - 2024-05-12 - 13:52:45
POST /api/v1/nodes/register - 2024-05-12 - 13:52:45
POST /api/v1/nodes/register - 2024-05-12 - 13:52:45
POST /api/v1/nodes/register - 2024-05-12 - 13:52:45
POST /api/v1/nodes/register - 2024-05-12 - 13:52:45
POST /api/v1/nodes/register - 2024-05-12 - 13:52:45
POST /api/v1/blockchain/mine - 2024-05-12 - 13:52:53
POST /api/v1/blockchain - 2024-05-12 - 13:52:59
GET /api/v1/blockchain - 2024-05-12 - 13:53:03
GET /api/v1/blockchain/consensus - 2024-05-12 - 13:53:15
GET /api/v1/blockchain - 2024-05-12 - 13:53:15
GET /api/v1/blockchain - 2024-05-12 - 13:53:15
POST /api/v1/nodes/register - 2024-05-12 - 13:53:46
POST /api/v1/nodes/register - 2024-05-12 - 13:53:46
POST /api/v1/nodes/register - 2024-05-12 - 13:53:46
POST /api/v1/nodes/register - 2024-05-12 - 13:53:49
POST /api/v1/nodes/register - 2024-05-12 - 13:53:49
POST /api/v1/nodes/register - 2024-05-12 - 13:53:50
POST /api/v1/nodes/register - 2024-05-12 - 13:53:50
POST /api/v1/nodes/register - 2024-05-12 - 13:53:50
POST /api/v1/nodes/register - 2024-05-12 - 13:53:50
POST /api/v1/nodes/register - 2024-05-12 - 13:53:50
POST /api/v1/nodes/register - 2024-05-12 - 13:53:50
GET /api/v1/blockchain/mine - 2024-05-12 - 13:53:59
POST /api/v1/blockchain/mine - 2024-05-12 - 13:54:05
GET /api/v1/blockchain/consensus - 2024-05-12 - 13:54:18
GET /api/v1/blockchain - 2024-05-12 - 13:54:18
GET /api/v1/blockchain - 2024-05-12 - 13:54:18
GET /api/v1/blockchain/consensus - 2024-05-12 - 13:54:28
GET /api/v1/blockchain - 2024-05-12 - 13:54:28
GET /api/v1/blockchain - 2024-05-12 - 13:54:28
GET /api/v1/blockchain - 2024-05-12 - 13:54:39
GET /api/v1/blockchain - 2024-05-12 - 13:54:50
GET /api/v1/blockchain - 2024-05-12 - 13:54:58
GET /api/v1/blockchain/consensus - 2024-05-12 - 13:55:09
GET /api/v1/blockchain - 2024-05-12 - 13:55:09
GET /api/v1/blockchain - 2024-05-12 - 13:55:09
GET /api/v1/blockchain - 2024-05-12 - 13:55:15
GET /api/v1/blockchain/consensus - 2024-05-12 - 13:55:40
GET /api/v1/blockchain - 2024-05-12 - 13:55:40
GET /api/v1/blockchain - 2024-05-12 - 13:55:40
GET /api/v1/blockchain/mine - 2024-05-12 - 13:56:00
POST /api/v1/blockchain/mine - 2024-05-12 - 13:56:04
POST /api/v1/blockchain/consensus - 2024-05-12 - 13:56:16
GET /api/v1/blockchain/consensus - 2024-05-12 - 13:56:20
GET /api/v1/blockchain - 2024-05-12 - 13:56:20
GET /api/v1/blockchain - 2024-05-12 - 13:56:20
GET /api/v1/blockchain - 2024-05-12 - 13:56:28
POST /api/v1/blockchain/mine - 2024-05-12 - 14:16:20
POST /api/v1/blockchain/mine - 2024-05-12 - 14:18:48
POST /api/v1/blockchain/mine - 2024-05-12 - 14:20:05
POST /api/v1/blockchain/mine - 2024-05-12 - 14:20:22
POST /api/v1/blockchain/mine - 2024-05-12 - 14:20:50
POST /api/v1/blockchain/mine - 2024-05-12 - 14:21:26
